<?xml version="1.0" encoding="UTF-8"?>
<testsuite xmlns:xsi="http://www.w3.org/2001/XMLSchema-instance" xsi:noNamespaceSchemaLocation="https://maven.apache.org/surefire/maven-surefire-plugin/xsd/surefire-test-report-3.0.xsd" version="3.0" name="com.example.t4td0.controller.ListaTest" time="4.06" tests="1" errors="0" skipped="0" failures="0">
  <properties>
[...]
</properties>
  <testcase name="testListaTarefa" classname="com.example.t4td0.controller.ListaTest" time="2.216">
    <system-out><![CDATA[17:55:24.866 [main] INFO io.github.bonigarcia.wdm.WebDriverManager -- Using geckodriver 0.34.0 (resolved driver for Firefox 125)
17:55:24.870 [main] INFO io.github.bonigarcia.wdm.WebDriverManager -- Exporting webdriver.gecko.driver as /home/caiovidal/.cache/selenium/geckodriver/linux64/0.34.0/geckodriver
1° Teste de listar tarefa realizado com sucesso
2° Teste de listar tarefa realizado com sucesso
3° Teste de listar tarefa realizado com sucesso
]]></system-out>
  </testcase>
</testsuite>